Analysis & Synthesis report for lc3part2
Tue Mar 05 21:06:56 2019
Quartus Prime Version 18.0.0 Build 614 04/24/2018 SJ Lite Edition


---------------------
; Table of Contents ;
---------------------
  1. Legal Notice
  2. Analysis & Synthesis Summary
  3. Analysis & Synthesis Settings
  4. Parallel Compilation
  5. Analysis & Synthesis Source Files Read
  6. Analysis & Synthesis Resource Usage Summary
  7. Analysis & Synthesis Resource Utilization by Entity
  8. State Machine - |lab6_toplevel|slc3:my_slc|ISDU:state_controller|State
  9. Registers Removed During Synthesis
 10. General Register Statistics
 11. Multiplexer Restructuring Statistics (Restructuring Performed)
 12. Parameter Settings for User Entity Instance: slc3:my_slc|test_memory:my_test_memory
 13. Parameter Settings for User Entity Instance: slc3:my_slc|test_memory:my_test_memory|memory_parser:parser
 14. Parameter Settings for User Entity Instance: slc3:my_slc|tristate:tr0
 15. Parameter Settings for User Entity Instance: test_memory:my_test_memory
 16. Parameter Settings for User Entity Instance: test_memory:my_test_memory|memory_parser:parser
 17. Port Connectivity Checks: "slc3:my_slc|Mem2IO:memory_subsystem"
 18. Port Connectivity Checks: "slc3:my_slc|datapath:d0|two_mux:sr1m"
 19. Port Connectivity Checks: "slc3:my_slc|datapath:d0|two_mux:drm"
 20. Port Connectivity Checks: "slc3:my_slc|datapath:d0|sixteen_adder:addtwo|adder:a15"
 21. Port Connectivity Checks: "slc3:my_slc|datapath:d0|sixteen_adder:addtwo|adder:a0"
 22. Port Connectivity Checks: "slc3:my_slc|datapath:d0|four_mux:addr2"
 23. Port Connectivity Checks: "slc3:my_slc|datapath:d0|four_mux:pc_m"
 24. Port Connectivity Checks: "slc3:my_slc|datapath:d0"
 25. Port Connectivity Checks: "slc3:my_slc|test_memory:my_test_memory"
 26. Post-Synthesis Netlist Statistics for Top Partition
 27. Elapsed Time Per Partition
 28. Analysis & Synthesis Messages
 29. Analysis & Synthesis Suppressed Messages



----------------
; Legal Notice ;
----------------
Copyright (C) 2018  Intel Corporation. All rights reserved.
Your use of Intel Corporation's design tools, logic functions 
and other software and tools, and its AMPP partner logic 
functions, and any output files from any of the foregoing 
(including device programming or simulation files), and any 
associated documentation or information are expressly subject 
to the terms and conditions of the Intel Program License 
Subscription Agreement, the Intel Quartus Prime License Agreement,
the Intel FPGA IP License Agreement, or other applicable license
agreement, including, without limitation, that your use is for
the sole purpose of programming logic devices manufactured by
Intel and sold by Intel or its authorized distributors.  Please
refer to the applicable agreement for further details.



+----------------------------------------------------------------------------------+
; Analysis & Synthesis Summary                                                     ;
+------------------------------------+---------------------------------------------+
; Analysis & Synthesis Status        ; Successful - Tue Mar 05 21:06:56 2019       ;
; Quartus Prime Version              ; 18.0.0 Build 614 04/24/2018 SJ Lite Edition ;
; Revision Name                      ; lc3part2                                    ;
; Top-level Entity Name              ; lab6_toplevel                               ;
; Family                             ; Cyclone IV E                                ;
; Total logic elements               ; 687                                         ;
;     Total combinational functions  ; 498                                         ;
;     Dedicated logic registers      ; 280                                         ;
; Total registers                    ; 280                                         ;
; Total pins                         ; 129                                         ;
; Total virtual pins                 ; 0                                           ;
; Total memory bits                  ; 0                                           ;
; Embedded Multiplier 9-bit elements ; 0                                           ;
; Total PLLs                         ; 0                                           ;
+------------------------------------+---------------------------------------------+


+------------------------------------------------------------------------------------------------------------+
; Analysis & Synthesis Settings                                                                              ;
+------------------------------------------------------------------+--------------------+--------------------+
; Option                                                           ; Setting            ; Default Value      ;
+------------------------------------------------------------------+--------------------+--------------------+
; Device                                                           ; EP4CE115F29C7      ;                    ;
; Top-level entity name                                            ; lab6_toplevel      ; lc3part2           ;
; Family name                                                      ; Cyclone IV E       ; Cyclone V          ;
; Use smart compilation                                            ; Off                ; Off                ;
; Enable parallel Assembler and Timing Analyzer during compilation ; On                 ; On                 ;
; Enable compact report table                                      ; Off                ; Off                ;
; Restructure Multiplexers                                         ; Auto               ; Auto               ;
; Create Debugging Nodes for IP Cores                              ; Off                ; Off                ;
; Preserve fewer node names                                        ; On                 ; On                 ;
; Intel FPGA IP Evaluation Mode                                    ; Enable             ; Enable             ;
; Verilog Version                                                  ; Verilog_2001       ; Verilog_2001       ;
; VHDL Version                                                     ; VHDL_1993          ; VHDL_1993          ;
; State Machine Processing                                         ; Auto               ; Auto               ;
; Safe State Machine                                               ; Off                ; Off                ;
; Extract Verilog State Machines                                   ; On                 ; On                 ;
; Extract VHDL State Machines                                      ; On                 ; On                 ;
; Ignore Verilog initial constructs                                ; Off                ; Off                ;
; Iteration limit for constant Verilog loops                       ; 5000               ; 5000               ;
; Iteration limit for non-constant Verilog loops                   ; 250                ; 250                ;
; Add Pass-Through Logic to Inferred RAMs                          ; On                 ; On                 ;
; Infer RAMs from Raw Logic                                        ; On                 ; On                 ;
; Parallel Synthesis                                               ; On                 ; On                 ;
; DSP Block Balancing                                              ; Auto               ; Auto               ;
; NOT Gate Push-Back                                               ; On                 ; On                 ;
; Power-Up Don't Care                                              ; On                 ; On                 ;
; Remove Redundant Logic Cells                                     ; Off                ; Off                ;
; Remove Duplicate Registers                                       ; On                 ; On                 ;
; Ignore CARRY Buffers                                             ; Off                ; Off                ;
; Ignore CASCADE Buffers                                           ; Off                ; Off                ;
; Ignore GLOBAL Buffers                                            ; Off                ; Off                ;
; Ignore ROW GLOBAL Buffers                                        ; Off                ; Off                ;
; Ignore LCELL Buffers                                             ; Off                ; Off                ;
; Ignore SOFT Buffers                                              ; On                 ; On                 ;
; Limit AHDL Integers to 32 Bits                                   ; Off                ; Off                ;
; Optimization Technique                                           ; Balanced           ; Balanced           ;
; Carry Chain Length                                               ; 70                 ; 70                 ;
; Auto Carry Chains                                                ; On                 ; On                 ;
; Auto Open-Drain Pins                                             ; On                 ; On                 ;
; Perform WYSIWYG Primitive Resynthesis                            ; Off                ; Off                ;
; Auto ROM Replacement                                             ; On                 ; On                 ;
; Auto RAM Replacement                                             ; On                 ; On                 ;
; Auto DSP Block Replacement                                       ; On                 ; On                 ;
; Auto Shift Register Replacement                                  ; Auto               ; Auto               ;
; Allow Shift Register Merging across Hierarchies                  ; Auto               ; Auto               ;
; Auto Clock Enable Replacement                                    ; On                 ; On                 ;
; Strict RAM Replacement                                           ; Off                ; Off                ;
; Allow Synchronous Control Signals                                ; On                 ; On                 ;
; Force Use of Synchronous Clear Signals                           ; Off                ; Off                ;
; Auto RAM Block Balancing                                         ; On                 ; On                 ;
; Auto RAM to Logic Cell Conversion                                ; Off                ; Off                ;
; Auto Resource Sharing                                            ; Off                ; Off                ;
; Allow Any RAM Size For Recognition                               ; Off                ; Off                ;
; Allow Any ROM Size For Recognition                               ; Off                ; Off                ;
; Allow Any Shift Register Size For Recognition                    ; Off                ; Off                ;
; Use LogicLock Constraints during Resource Balancing              ; On                 ; On                 ;
; Ignore translate_off and synthesis_off directives                ; Off                ; Off                ;
; Timing-Driven Synthesis                                          ; On                 ; On                 ;
; Report Parameter Settings                                        ; On                 ; On                 ;
; Report Source Assignments                                        ; On                 ; On                 ;
; Report Connectivity Checks                                       ; On                 ; On                 ;
; Ignore Maximum Fan-Out Assignments                               ; Off                ; Off                ;
; Synchronization Register Chain Length                            ; 2                  ; 2                  ;
; Power Optimization During Synthesis                              ; Normal compilation ; Normal compilation ;
; HDL message level                                                ; Level2             ; Level2             ;
; Suppress Register Optimization Related Messages                  ; Off                ; Off                ;
; Number of Removed Registers Reported in Synthesis Report         ; 5000               ; 5000               ;
; Number of Swept Nodes Reported in Synthesis Report               ; 5000               ; 5000               ;
; Number of Inverted Registers Reported in Synthesis Report        ; 100                ; 100                ;
; Clock MUX Protection                                             ; On                 ; On                 ;
; Auto Gated Clock Conversion                                      ; Off                ; Off                ;
; Block Design Naming                                              ; Auto               ; Auto               ;
; SDC constraint protection                                        ; Off                ; Off                ;
; Synthesis Effort                                                 ; Auto               ; Auto               ;
; Shift Register Replacement - Allow Asynchronous Clear Signal     ; On                 ; On                 ;
; Pre-Mapping Resynthesis Optimization                             ; Off                ; Off                ;
; Analysis & Synthesis Message Level                               ; Medium             ; Medium             ;
; Disable Register Merging Across Hierarchies                      ; Auto               ; Auto               ;
; Resource Aware Inference For Block RAM                           ; On                 ; On                 ;
+------------------------------------------------------------------+--------------------+--------------------+


+------------------------------------------+
; Parallel Compilation                     ;
+----------------------------+-------------+
; Processors                 ; Number      ;
+----------------------------+-------------+
; Number detected on machine ; 8           ;
; Maximum allowed            ; 4           ;
;                            ;             ;
; Average used               ; 1.00        ;
; Maximum used               ; 4           ;
;                            ;             ;
; Usage by Processor         ; % Time Used ;
;     Processor 1            ; 100.0%      ;
;     Processor 2            ;   0.0%      ;
;     Processor 3            ;   0.0%      ;
;     Processor 4            ;   0.0%      ;
+----------------------------+-------------+


+---------------------------------------------------------------------------------------------------------------------------------------+
; Analysis & Synthesis Source Files Read                                                                                                ;
+----------------------------------+-----------------+------------------------------+-----------------------------------------+---------+
; File Name with User-Entered Path ; Used in Netlist ; File Type                    ; File Name with Absolute Path            ; Library ;
+----------------------------------+-----------------+------------------------------+-----------------------------------------+---------+
; two_one_mux.sv                   ; yes             ; User SystemVerilog HDL File  ; D:/ECE385/lab6 week2/two_one_mux.sv     ;         ;
; tristate.sv                      ; yes             ; User SystemVerilog HDL File  ; D:/ECE385/lab6 week2/tristate.sv        ;         ;
; test_memory.sv                   ; yes             ; User SystemVerilog HDL File  ; D:/ECE385/lab6 week2/test_memory.sv     ;         ;
; SLC3_2.sv                        ; yes             ; User SystemVerilog HDL File  ; D:/ECE385/lab6 week2/SLC3_2.sv          ;         ;
; slc3.sv                          ; yes             ; User SystemVerilog HDL File  ; D:/ECE385/lab6 week2/slc3.sv            ;         ;
; memory_contents.sv               ; yes             ; User SystemVerilog HDL File  ; D:/ECE385/lab6 week2/memory_contents.sv ;         ;
; Mem2IO.sv                        ; yes             ; User SystemVerilog HDL File  ; D:/ECE385/lab6 week2/Mem2IO.sv          ;         ;
; lab6_toplevel.sv                 ; yes             ; User SystemVerilog HDL File  ; D:/ECE385/lab6 week2/lab6_toplevel.sv   ;         ;
; ISDU.sv                          ; yes             ; User SystemVerilog HDL File  ; D:/ECE385/lab6 week2/ISDU.sv            ;         ;
; HexDriver.sv                     ; yes             ; User SystemVerilog HDL File  ; D:/ECE385/lab6 week2/HexDriver.sv       ;         ;
; four_one_mux.sv                  ; yes             ; User SystemVerilog HDL File  ; D:/ECE385/lab6 week2/four_one_mux.sv    ;         ;
; flip_flop.sv                     ; yes             ; User SystemVerilog HDL File  ; D:/ECE385/lab6 week2/flip_flop.sv       ;         ;
; datapath.sv                      ; yes             ; User SystemVerilog HDL File  ; D:/ECE385/lab6 week2/datapath.sv        ;         ;
; adder.sv                         ; yes             ; User SystemVerilog HDL File  ; D:/ECE385/lab6 week2/adder.sv           ;         ;
; ALU.sv                           ; yes             ; User SystemVerilog HDL File  ; D:/ECE385/lab6 week2/ALU.sv             ;         ;
; sext 11.sv                       ; yes             ; User SystemVerilog HDL File  ; D:/ECE385/lab6 week2/sext 11.sv         ;         ;
; sext 8.sv                        ; yes             ; User SystemVerilog HDL File  ; D:/ECE385/lab6 week2/sext 8.sv          ;         ;
; sext 6.sv                        ; yes             ; User SystemVerilog HDL File  ; D:/ECE385/lab6 week2/sext 6.sv          ;         ;
; sext 5.sv                        ; yes             ; User SystemVerilog HDL File  ; D:/ECE385/lab6 week2/sext 5.sv          ;         ;
; register file.sv                 ; yes             ; User SystemVerilog HDL File  ; D:/ECE385/lab6 week2/register file.sv   ;         ;
; ben with nzp.sv                  ; yes             ; User SystemVerilog HDL File  ; D:/ECE385/lab6 week2/ben with nzp.sv    ;         ;
+----------------------------------+-----------------+------------------------------+-----------------------------------------+---------+


+---------------------------------------------------------+
; Analysis & Synthesis Resource Usage Summary             ;
+---------------------------------------------+-----------+
; Resource                                    ; Usage     ;
+---------------------------------------------+-----------+
; Estimated Total logic elements              ; 687       ;
;                                             ;           ;
; Total combinational functions               ; 498       ;
; Logic element usage by number of LUT inputs ;           ;
;     -- 4 input functions                    ; 338       ;
;     -- 3 input functions                    ; 106       ;
;     -- <=2 input functions                  ; 54        ;
;                                             ;           ;
; Logic elements by mode                      ;           ;
;     -- normal mode                          ; 468       ;
;     -- arithmetic mode                      ; 30        ;
;                                             ;           ;
; Total registers                             ; 280       ;
;     -- Dedicated logic registers            ; 280       ;
;     -- I/O registers                        ; 0         ;
;                                             ;           ;
; I/O pins                                    ; 129       ;
;                                             ;           ;
; Embedded Multiplier 9-bit elements          ; 0         ;
;                                             ;           ;
; Maximum fan-out node                        ; Clk~input ;
; Maximum fan-out                             ; 280       ;
; Total fan-out                               ; 3097      ;
; Average fan-out                             ; 2.94      ;
+---------------------------------------------+-----------+


+-------------------------------------------------------------------------------------------------------------------------------------------------------------------------------------------------------------------------------------------------------------------+
; Analysis & Synthesis Resource Utilization by Entity                                                                                                                                                                                                               ;
+---------------------------------+---------------------+---------------------------+-------------+--------------+---------+-----------+------+--------------+-----------------------------------------------------------------------+---------------+--------------+
; Compilation Hierarchy Node      ; Combinational ALUTs ; Dedicated Logic Registers ; Memory Bits ; DSP Elements ; DSP 9x9 ; DSP 18x18 ; Pins ; Virtual Pins ; Full Hierarchy Name                                                   ; Entity Name   ; Library Name ;
+---------------------------------+---------------------+---------------------------+-------------+--------------+---------+-----------+------+--------------+-----------------------------------------------------------------------+---------------+--------------+
; |lab6_toplevel                  ; 498 (0)             ; 280 (0)                   ; 0           ; 0            ; 0       ; 0         ; 129  ; 0            ; |lab6_toplevel                                                        ; lab6_toplevel ; work         ;
;    |slc3:my_slc|                ; 498 (0)             ; 280 (0)                   ; 0           ; 0            ; 0       ; 0         ; 0    ; 0            ; |lab6_toplevel|slc3:my_slc                                            ; slc3          ; work         ;
;       |HexDriver:hex_driver0|   ; 7 (7)               ; 0 (0)                     ; 0           ; 0            ; 0       ; 0         ; 0    ; 0            ; |lab6_toplevel|slc3:my_slc|HexDriver:hex_driver0                      ; HexDriver     ; work         ;
;       |HexDriver:hex_driver1|   ; 7 (7)               ; 0 (0)                     ; 0           ; 0            ; 0       ; 0         ; 0    ; 0            ; |lab6_toplevel|slc3:my_slc|HexDriver:hex_driver1                      ; HexDriver     ; work         ;
;       |HexDriver:hex_driver2|   ; 7 (7)               ; 0 (0)                     ; 0           ; 0            ; 0       ; 0         ; 0    ; 0            ; |lab6_toplevel|slc3:my_slc|HexDriver:hex_driver2                      ; HexDriver     ; work         ;
;       |HexDriver:hex_driver3|   ; 7 (7)               ; 0 (0)                     ; 0           ; 0            ; 0       ; 0         ; 0    ; 0            ; |lab6_toplevel|slc3:my_slc|HexDriver:hex_driver3                      ; HexDriver     ; work         ;
;       |HexDriver:hex_driver4|   ; 7 (7)               ; 0 (0)                     ; 0           ; 0            ; 0       ; 0         ; 0    ; 0            ; |lab6_toplevel|slc3:my_slc|HexDriver:hex_driver4                      ; HexDriver     ; work         ;
;       |HexDriver:hex_driver5|   ; 7 (7)               ; 0 (0)                     ; 0           ; 0            ; 0       ; 0         ; 0    ; 0            ; |lab6_toplevel|slc3:my_slc|HexDriver:hex_driver5                      ; HexDriver     ; work         ;
;       |HexDriver:hex_driver6|   ; 7 (7)               ; 0 (0)                     ; 0           ; 0            ; 0       ; 0         ; 0    ; 0            ; |lab6_toplevel|slc3:my_slc|HexDriver:hex_driver6                      ; HexDriver     ; work         ;
;       |HexDriver:hex_driver7|   ; 7 (7)               ; 0 (0)                     ; 0           ; 0            ; 0       ; 0         ; 0    ; 0            ; |lab6_toplevel|slc3:my_slc|HexDriver:hex_driver7                      ; HexDriver     ; work         ;
;       |ISDU:state_controller|   ; 49 (49)             ; 24 (24)                   ; 0           ; 0            ; 0       ; 0         ; 0    ; 0            ; |lab6_toplevel|slc3:my_slc|ISDU:state_controller                      ; ISDU          ; work         ;
;       |Mem2IO:memory_subsystem| ; 22 (22)             ; 16 (16)                   ; 0           ; 0            ; 0       ; 0         ; 0    ; 0            ; |lab6_toplevel|slc3:my_slc|Mem2IO:memory_subsystem                    ; Mem2IO        ; work         ;
;       |datapath:d0|             ; 371 (69)            ; 208 (0)                   ; 0           ; 0            ; 0       ; 0         ; 0    ; 0            ; |lab6_toplevel|slc3:my_slc|datapath:d0                                ; datapath      ; work         ;
;          |ALU:choose|           ; 16 (16)             ; 0 (0)                     ; 0           ; 0            ; 0       ; 0         ; 0    ; 0            ; |lab6_toplevel|slc3:my_slc|datapath:d0|ALU:choose                     ; ALU           ; work         ;
;          |LED_12:LED_O|         ; 0 (0)               ; 12 (12)                   ; 0           ; 0            ; 0       ; 0         ; 0    ; 0            ; |lab6_toplevel|slc3:my_slc|datapath:d0|LED_12:LED_O                   ; LED_12        ; work         ;
;          |Reg_f:regfile|        ; 91 (91)             ; 128 (128)                 ; 0           ; 0            ; 0       ; 0         ; 0    ; 0            ; |lab6_toplevel|slc3:my_slc|datapath:d0|Reg_f:regfile                  ; Reg_f         ; work         ;
;          |ben_ff:ben0|          ; 3 (3)               ; 1 (1)                     ; 0           ; 0            ; 0       ; 0         ; 0    ; 0            ; |lab6_toplevel|slc3:my_slc|datapath:d0|ben_ff:ben0                    ; ben_ff        ; work         ;
;          |ff_3bit:nzp_ff|       ; 0 (0)               ; 3 (3)                     ; 0           ; 0            ; 0       ; 0         ; 0    ; 0            ; |lab6_toplevel|slc3:my_slc|datapath:d0|ff_3bit:nzp_ff                 ; ff_3bit       ; work         ;
;          |flip_flop:IR0|        ; 0 (0)               ; 16 (16)                   ; 0           ; 0            ; 0       ; 0         ; 0    ; 0            ; |lab6_toplevel|slc3:my_slc|datapath:d0|flip_flop:IR0                  ; flip_flop     ; work         ;
;          |flip_flop:MAR0|       ; 0 (0)               ; 16 (16)                   ; 0           ; 0            ; 0       ; 0         ; 0    ; 0            ; |lab6_toplevel|slc3:my_slc|datapath:d0|flip_flop:MAR0                 ; flip_flop     ; work         ;
;          |flip_flop:MDR0|       ; 16 (16)             ; 16 (16)                   ; 0           ; 0            ; 0       ; 0         ; 0    ; 0            ; |lab6_toplevel|slc3:my_slc|datapath:d0|flip_flop:MDR0                 ; flip_flop     ; work         ;
;          |flip_flop:PC0|        ; 16 (16)             ; 16 (16)                   ; 0           ; 0            ; 0       ; 0         ; 0    ; 0            ; |lab6_toplevel|slc3:my_slc|datapath:d0|flip_flop:PC0                  ; flip_flop     ; work         ;
;          |four_mux:addr2|       ; 10 (10)             ; 0 (0)                     ; 0           ; 0            ; 0       ; 0         ; 0    ; 0            ; |lab6_toplevel|slc3:my_slc|datapath:d0|four_mux:addr2                 ; four_mux      ; work         ;
;          |nzp_logic:NZP0|       ; 7 (7)               ; 0 (0)                     ; 0           ; 0            ; 0       ; 0         ; 0    ; 0            ; |lab6_toplevel|slc3:my_slc|datapath:d0|nzp_logic:NZP0                 ; nzp_logic     ; work         ;
;          |sixteen_adder:addtwo| ; 30 (0)              ; 0 (0)                     ; 0           ; 0            ; 0       ; 0         ; 0    ; 0            ; |lab6_toplevel|slc3:my_slc|datapath:d0|sixteen_adder:addtwo           ; sixteen_adder ; work         ;
;             |adder:a0|          ; 1 (1)               ; 0 (0)                     ; 0           ; 0            ; 0       ; 0         ; 0    ; 0            ; |lab6_toplevel|slc3:my_slc|datapath:d0|sixteen_adder:addtwo|adder:a0  ; adder         ; work         ;
;             |adder:a10|         ; 1 (1)               ; 0 (0)                     ; 0           ; 0            ; 0       ; 0         ; 0    ; 0            ; |lab6_toplevel|slc3:my_slc|datapath:d0|sixteen_adder:addtwo|adder:a10 ; adder         ; work         ;
;             |adder:a11|         ; 2 (2)               ; 0 (0)                     ; 0           ; 0            ; 0       ; 0         ; 0    ; 0            ; |lab6_toplevel|slc3:my_slc|datapath:d0|sixteen_adder:addtwo|adder:a11 ; adder         ; work         ;
;             |adder:a12|         ; 1 (1)               ; 0 (0)                     ; 0           ; 0            ; 0       ; 0         ; 0    ; 0            ; |lab6_toplevel|slc3:my_slc|datapath:d0|sixteen_adder:addtwo|adder:a12 ; adder         ; work         ;
;             |adder:a13|         ; 2 (2)               ; 0 (0)                     ; 0           ; 0            ; 0       ; 0         ; 0    ; 0            ; |lab6_toplevel|slc3:my_slc|datapath:d0|sixteen_adder:addtwo|adder:a13 ; adder         ; work         ;
;             |adder:a14|         ; 1 (1)               ; 0 (0)                     ; 0           ; 0            ; 0       ; 0         ; 0    ; 0            ; |lab6_toplevel|slc3:my_slc|datapath:d0|sixteen_adder:addtwo|adder:a14 ; adder         ; work         ;
;             |adder:a15|         ; 2 (2)               ; 0 (0)                     ; 0           ; 0            ; 0       ; 0         ; 0    ; 0            ; |lab6_toplevel|slc3:my_slc|datapath:d0|sixteen_adder:addtwo|adder:a15 ; adder         ; work         ;
;             |adder:a1|          ; 2 (2)               ; 0 (0)                     ; 0           ; 0            ; 0       ; 0         ; 0    ; 0            ; |lab6_toplevel|slc3:my_slc|datapath:d0|sixteen_adder:addtwo|adder:a1  ; adder         ; work         ;
;             |adder:a2|          ; 2 (2)               ; 0 (0)                     ; 0           ; 0            ; 0       ; 0         ; 0    ; 0            ; |lab6_toplevel|slc3:my_slc|datapath:d0|sixteen_adder:addtwo|adder:a2  ; adder         ; work         ;
;             |adder:a3|          ; 2 (2)               ; 0 (0)                     ; 0           ; 0            ; 0       ; 0         ; 0    ; 0            ; |lab6_toplevel|slc3:my_slc|datapath:d0|sixteen_adder:addtwo|adder:a3  ; adder         ; work         ;
;             |adder:a4|          ; 2 (2)               ; 0 (0)                     ; 0           ; 0            ; 0       ; 0         ; 0    ; 0            ; |lab6_toplevel|slc3:my_slc|datapath:d0|sixteen_adder:addtwo|adder:a4  ; adder         ; work         ;
;             |adder:a5|          ; 2 (2)               ; 0 (0)                     ; 0           ; 0            ; 0       ; 0         ; 0    ; 0            ; |lab6_toplevel|slc3:my_slc|datapath:d0|sixteen_adder:addtwo|adder:a5  ; adder         ; work         ;
;             |adder:a6|          ; 2 (2)               ; 0 (0)                     ; 0           ; 0            ; 0       ; 0         ; 0    ; 0            ; |lab6_toplevel|slc3:my_slc|datapath:d0|sixteen_adder:addtwo|adder:a6  ; adder         ; work         ;
;             |adder:a7|          ; 1 (1)               ; 0 (0)                     ; 0           ; 0            ; 0       ; 0         ; 0    ; 0            ; |lab6_toplevel|slc3:my_slc|datapath:d0|sixteen_adder:addtwo|adder:a7  ; adder         ; work         ;
;             |adder:a8|          ; 5 (5)               ; 0 (0)                     ; 0           ; 0            ; 0       ; 0         ; 0    ; 0            ; |lab6_toplevel|slc3:my_slc|datapath:d0|sixteen_adder:addtwo|adder:a8  ; adder         ; work         ;
;             |adder:a9|          ; 2 (2)               ; 0 (0)                     ; 0           ; 0            ; 0       ; 0         ; 0    ; 0            ; |lab6_toplevel|slc3:my_slc|datapath:d0|sixteen_adder:addtwo|adder:a9  ; adder         ; work         ;
;          |two_mux:addr1|        ; 16 (16)             ; 0 (0)                     ; 0           ; 0            ; 0       ; 0         ; 0    ; 0            ; |lab6_toplevel|slc3:my_slc|datapath:d0|two_mux:addr1                  ; two_mux       ; work         ;
;          |two_mux:sr1m|         ; 3 (3)               ; 0 (0)                     ; 0           ; 0            ; 0       ; 0         ; 0    ; 0            ; |lab6_toplevel|slc3:my_slc|datapath:d0|two_mux:sr1m                   ; two_mux       ; work         ;
;          |two_mux:sr2_m|        ; 94 (94)             ; 0 (0)                     ; 0           ; 0            ; 0       ; 0         ; 0    ; 0            ; |lab6_toplevel|slc3:my_slc|datapath:d0|two_mux:sr2_m                  ; two_mux       ; work         ;
;       |tristate:tr0|            ; 0 (0)               ; 32 (32)                   ; 0           ; 0            ; 0       ; 0         ; 0    ; 0            ; |lab6_toplevel|slc3:my_slc|tristate:tr0                               ; tristate      ; work         ;
+---------------------------------+---------------------+---------------------------+-------------+--------------+---------+-----------+------+--------------+-----------------------------------------------------------------------+---------------+--------------+
Note: For table entries with two numbers listed, the numbers in parentheses indicate the number of resources of the given type used by the specific entity alone. The numbers listed outside of parentheses indicate the total resources of the given type used by the specific entity and all of its sub-entities in the hierarchy.


Encoding Type:  One-Hot
+--------------------------------------------------------------------------------------------------------------------------------------------------------------------------------------------------------------------------------------------------------------------------------------------------------------------------------------------------------------+
; State Machine - |lab6_toplevel|slc3:my_slc|ISDU:state_controller|State                                                                                                                                                                                                                                                                                       ;
+----------------+------------+------------+------------+------------+------------+--------------+--------------+------------+------------+------------+--------------+--------------+------------+------------+------------+------------+------------+------------+--------------+--------------+------------+----------------+----------------+--------------+
; Name           ; State.S_22 ; State.S_00 ; State.S_12 ; State.S_21 ; State.S_04 ; State.S_16_2 ; State.S_16_1 ; State.S_23 ; State.S_07 ; State.S_27 ; State.S_25_2 ; State.S_25_1 ; State.S_06 ; State.S_09 ; State.S_05 ; State.S_01 ; State.S_32 ; State.S_35 ; State.S_33_2 ; State.S_33_1 ; State.S_18 ; State.PauseIR2 ; State.PauseIR1 ; State.Halted ;
+----------------+------------+------------+------------+------------+------------+--------------+--------------+------------+------------+------------+--------------+--------------+------------+------------+------------+------------+------------+------------+--------------+--------------+------------+----------------+----------------+--------------+
; State.Halted   ; 0          ; 0          ; 0          ; 0          ; 0          ; 0            ; 0            ; 0          ; 0          ; 0          ; 0            ; 0            ; 0          ; 0          ; 0          ; 0          ; 0          ; 0          ; 0            ; 0            ; 0          ; 0              ; 0              ; 0            ;
; State.PauseIR1 ; 0          ; 0          ; 0          ; 0          ; 0          ; 0            ; 0            ; 0          ; 0          ; 0          ; 0            ; 0            ; 0          ; 0          ; 0          ; 0          ; 0          ; 0          ; 0            ; 0            ; 0          ; 0              ; 1              ; 1            ;
; State.PauseIR2 ; 0          ; 0          ; 0          ; 0          ; 0          ; 0            ; 0            ; 0          ; 0          ; 0          ; 0            ; 0            ; 0          ; 0          ; 0          ; 0          ; 0          ; 0          ; 0            ; 0            ; 0          ; 1              ; 0              ; 1            ;
; State.S_18     ; 0          ; 0          ; 0          ; 0          ; 0          ; 0            ; 0            ; 0          ; 0          ; 0          ; 0            ; 0            ; 0          ; 0          ; 0          ; 0          ; 0          ; 0          ; 0            ; 0            ; 1          ; 0              ; 0              ; 1            ;
; State.S_33_1   ; 0          ; 0          ; 0          ; 0          ; 0          ; 0            ; 0            ; 0          ; 0          ; 0          ; 0            ; 0            ; 0          ; 0          ; 0          ; 0          ; 0          ; 0          ; 0            ; 1            ; 0          ; 0              ; 0              ; 1            ;
; State.S_33_2   ; 0          ; 0          ; 0          ; 0          ; 0          ; 0            ; 0            ; 0          ; 0          ; 0          ; 0            ; 0            ; 0          ; 0          ; 0          ; 0          ; 0          ; 0          ; 1            ; 0            ; 0          ; 0              ; 0              ; 1            ;
; State.S_35     ; 0          ; 0          ; 0          ; 0          ; 0          ; 0            ; 0            ; 0          ; 0          ; 0          ; 0            ; 0            ; 0          ; 0          ; 0          ; 0          ; 0          ; 1          ; 0            ; 0            ; 0          ; 0              ; 0              ; 1            ;
; State.S_32     ; 0          ; 0          ; 0          ; 0          ; 0          ; 0            ; 0            ; 0          ; 0          ; 0          ; 0            ; 0            ; 0          ; 0          ; 0          ; 0          ; 1          ; 0          ; 0            ; 0            ; 0          ; 0              ; 0              ; 1            ;
; State.S_01     ; 0          ; 0          ; 0          ; 0          ; 0          ; 0            ; 0            ; 0          ; 0          ; 0          ; 0            ; 0            ; 0          ; 0          ; 0          ; 1          ; 0          ; 0          ; 0            ; 0            ; 0          ; 0              ; 0              ; 1            ;
; State.S_05     ; 0          ; 0          ; 0          ; 0          ; 0          ; 0            ; 0            ; 0          ; 0          ; 0          ; 0            ; 0            ; 0          ; 0          ; 1          ; 0          ; 0          ; 0          ; 0            ; 0            ; 0          ; 0              ; 0              ; 1            ;
; State.S_09     ; 0          ; 0          ; 0          ; 0          ; 0          ; 0            ; 0            ; 0          ; 0          ; 0          ; 0            ; 0            ; 0          ; 1          ; 0          ; 0          ; 0          ; 0          ; 0            ; 0            ; 0          ; 0              ; 0              ; 1            ;
; State.S_06     ; 0          ; 0          ; 0          ; 0          ; 0          ; 0            ; 0            ; 0          ; 0          ; 0          ; 0            ; 0            ; 1          ; 0          ; 0          ; 0          ; 0          ; 0          ; 0            ; 0            ; 0          ; 0              ; 0              ; 1            ;
; State.S_25_1   ; 0          ; 0          ; 0          ; 0          ; 0          ; 0            ; 0            ; 0          ; 0          ; 0          ; 0            ; 1            ; 0          ; 0          ; 0          ; 0          ; 0          ; 0          ; 0            ; 0            ; 0          ; 0              ; 0              ; 1            ;
; State.S_25_2   ; 0          ; 0          ; 0          ; 0          ; 0          ; 0            ; 0            ; 0          ; 0          ; 0          ; 1            ; 0            ; 0          ; 0          ; 0          ; 0          ; 0          ; 0          ; 0            ; 0            ; 0          ; 0              ; 0              ; 1            ;
; State.S_27     ; 0          ; 0          ; 0          ; 0          ; 0          ; 0            ; 0            ; 0          ; 0          ; 1          ; 0            ; 0            ; 0          ; 0          ; 0          ; 0          ; 0          ; 0          ; 0            ; 0            ; 0          ; 0              ; 0              ; 1            ;
; State.S_07     ; 0          ; 0          ; 0          ; 0          ; 0          ; 0            ; 0            ; 0          ; 1          ; 0          ; 0            ; 0            ; 0          ; 0          ; 0          ; 0          ; 0          ; 0          ; 0            ; 0            ; 0          ; 0              ; 0              ; 1            ;
; State.S_23     ; 0          ; 0          ; 0          ; 0          ; 0          ; 0            ; 0            ; 1          ; 0          ; 0          ; 0            ; 0            ; 0          ; 0          ; 0          ; 0          ; 0          ; 0          ; 0            ; 0            ; 0          ; 0              ; 0              ; 1            ;
; State.S_16_1   ; 0          ; 0          ; 0          ; 0          ; 0          ; 0            ; 1            ; 0          ; 0          ; 0          ; 0            ; 0            ; 0          ; 0          ; 0          ; 0          ; 0          ; 0          ; 0            ; 0            ; 0          ; 0              ; 0              ; 1            ;
; State.S_16_2   ; 0          ; 0          ; 0          ; 0          ; 0          ; 1            ; 0            ; 0          ; 0          ; 0          ; 0            ; 0            ; 0          ; 0          ; 0          ; 0          ; 0          ; 0          ; 0            ; 0            ; 0          ; 0              ; 0              ; 1            ;
; State.S_04     ; 0          ; 0          ; 0          ; 0          ; 1          ; 0            ; 0            ; 0          ; 0          ; 0          ; 0            ; 0            ; 0          ; 0          ; 0          ; 0          ; 0          ; 0          ; 0            ; 0            ; 0          ; 0              ; 0              ; 1            ;
; State.S_21     ; 0          ; 0          ; 0          ; 1          ; 0          ; 0            ; 0            ; 0          ; 0          ; 0          ; 0            ; 0            ; 0          ; 0          ; 0          ; 0          ; 0          ; 0          ; 0            ; 0            ; 0          ; 0              ; 0              ; 1            ;
; State.S_12     ; 0          ; 0          ; 1          ; 0          ; 0          ; 0            ; 0            ; 0          ; 0          ; 0          ; 0            ; 0            ; 0          ; 0          ; 0          ; 0          ; 0          ; 0          ; 0            ; 0            ; 0          ; 0              ; 0              ; 1            ;
; State.S_00     ; 0          ; 1          ; 0          ; 0          ; 0          ; 0            ; 0            ; 0          ; 0          ; 0          ; 0            ; 0            ; 0          ; 0          ; 0          ; 0          ; 0          ; 0          ; 0            ; 0            ; 0          ; 0              ; 0              ; 1            ;
; State.S_22     ; 1          ; 0          ; 0          ; 0          ; 0          ; 0            ; 0            ; 0          ; 0          ; 0          ; 0            ; 0            ; 0          ; 0          ; 0          ; 0          ; 0          ; 0          ; 0            ; 0            ; 0          ; 0              ; 0              ; 1            ;
+----------------+------------+------------+------------+------------+------------+--------------+--------------+------------+------------+------------+--------------+--------------+------------+------------+------------+------------+------------+------------+--------------+--------------+------------+----------------+----------------+--------------+


+----------------------------------------------------------------+
; Registers Removed During Synthesis                             ;
+-------------------------------------------+--------------------+
; Register name                             ; Reason for Removal ;
+-------------------------------------------+--------------------+
; slc3:my_slc|ISDU:state_controller|State~2 ; Lost fanout        ;
; slc3:my_slc|ISDU:state_controller|State~3 ; Lost fanout        ;
; slc3:my_slc|ISDU:state_controller|State~4 ; Lost fanout        ;
; slc3:my_slc|ISDU:state_controller|State~5 ; Lost fanout        ;
; slc3:my_slc|ISDU:state_controller|State~6 ; Lost fanout        ;
; slc3:my_slc|ISDU:state_controller|State~7 ; Lost fanout        ;
; Total Number of Removed Registers = 6     ;                    ;
+-------------------------------------------+--------------------+


+------------------------------------------------------+
; General Register Statistics                          ;
+----------------------------------------------+-------+
; Statistic                                    ; Value ;
+----------------------------------------------+-------+
; Total registers                              ; 280   ;
; Number of registers using Synchronous Clear  ; 2     ;
; Number of registers using Synchronous Load   ; 32    ;
; Number of registers using Asynchronous Clear ; 208   ;
; Number of registers using Asynchronous Load  ; 0     ;
; Number of registers using Clock Enable       ; 223   ;
; Number of registers using Preset             ; 0     ;
+----------------------------------------------+-------+


+------------------------------------------------------------------------------------------------------------------------------------------------------------------------------+
; Multiplexer Restructuring Statistics (Restructuring Performed)                                                                                                               ;
+--------------------+-----------+---------------+----------------------+------------------------+------------+----------------------------------------------------------------+
; Multiplexer Inputs ; Bus Width ; Baseline Area ; Area if Restructured ; Saving if Restructured ; Registered ; Example Multiplexer Output                                     ;
+--------------------+-----------+---------------+----------------------+------------------------+------------+----------------------------------------------------------------+
; 3:1                ; 16 bits   ; 32 LEs        ; 16 LEs               ; 16 LEs                 ; Yes        ; |lab6_toplevel|slc3:my_slc|Mem2IO:memory_subsystem|hex_data[1] ;
; 4:1                ; 16 bits   ; 32 LEs        ; 32 LEs               ; 0 LEs                  ; Yes        ; |lab6_toplevel|slc3:my_slc|datapath:d0|flip_flop:MDR0|Q[13]    ;
; 3:1                ; 2 bits    ; 4 LEs         ; 4 LEs                ; 0 LEs                  ; No         ; |lab6_toplevel|slc3:my_slc|datapath:d0|four_mux:addr2|out[9]   ;
; 8:1                ; 16 bits   ; 80 LEs        ; 80 LEs               ; 0 LEs                  ; No         ; |lab6_toplevel|slc3:my_slc|datapath:d0|Reg_f:regfile|Mux25     ;
; 3:1                ; 3 bits    ; 6 LEs         ; 6 LEs                ; 0 LEs                  ; No         ; |lab6_toplevel|slc3:my_slc|datapath:d0|four_mux:addr2|out[8]   ;
; 9:1                ; 16 bits   ; 96 LEs        ; 96 LEs               ; 0 LEs                  ; No         ; |lab6_toplevel|slc3:my_slc|datapath:d0|two_mux:sr2_m|out[14]   ;
; 8:1                ; 16 bits   ; 80 LEs        ; 64 LEs               ; 16 LEs                 ; No         ; |lab6_toplevel|slc3:my_slc|datapath:d0|bus[15]                 ;
+--------------------+-----------+---------------+----------------------+------------------------+------------+----------------------------------------------------------------+


+-------------------------------------------------------------------------------------+
; Parameter Settings for User Entity Instance: slc3:my_slc|test_memory:my_test_memory ;
+----------------+-------+------------------------------------------------------------+
; Parameter Name ; Value ; Type                                                       ;
+----------------+-------+------------------------------------------------------------+
; size           ; 256   ; Signed Integer                                             ;
; init_external  ; 0     ; Signed Integer                                             ;
+----------------+-------+------------------------------------------------------------+
Note: In order to hide this table in the UI and the text report file, please set the "Show Parameter Settings in Synthesis Report" option in "Analysis and Synthesis Settings -> More Settings" to "Off".


+----------------------------------------------------------------------------------------------------------+
; Parameter Settings for User Entity Instance: slc3:my_slc|test_memory:my_test_memory|memory_parser:parser ;
+----------------+-------+---------------------------------------------------------------------------------+
; Parameter Name ; Value ; Type                                                                            ;
+----------------+-------+---------------------------------------------------------------------------------+
; size           ; 256   ; Signed Integer                                                                  ;
+----------------+-------+---------------------------------------------------------------------------------+
Note: In order to hide this table in the UI and the text report file, please set the "Show Parameter Settings in Synthesis Report" option in "Analysis and Synthesis Settings -> More Settings" to "Off".


+-----------------------------------------------------------------------+
; Parameter Settings for User Entity Instance: slc3:my_slc|tristate:tr0 ;
+----------------+-------+----------------------------------------------+
; Parameter Name ; Value ; Type                                         ;
+----------------+-------+----------------------------------------------+
; N              ; 16    ; Signed Integer                               ;
+----------------+-------+----------------------------------------------+
Note: In order to hide this table in the UI and the text report file, please set the "Show Parameter Settings in Synthesis Report" option in "Analysis and Synthesis Settings -> More Settings" to "Off".


+-------------------------------------------------------------------------+
; Parameter Settings for User Entity Instance: test_memory:my_test_memory ;
+----------------+-------+------------------------------------------------+
; Parameter Name ; Value ; Type                                           ;
+----------------+-------+------------------------------------------------+
; size           ; 256   ; Signed Integer                                 ;
; init_external  ; 0     ; Signed Integer                                 ;
+----------------+-------+------------------------------------------------+
Note: In order to hide this table in the UI and the text report file, please set the "Show Parameter Settings in Synthesis Report" option in "Analysis and Synthesis Settings -> More Settings" to "Off".


+----------------------------------------------------------------------------------------------+
; Parameter Settings for User Entity Instance: test_memory:my_test_memory|memory_parser:parser ;
+----------------+-------+---------------------------------------------------------------------+
; Parameter Name ; Value ; Type                                                                ;
+----------------+-------+---------------------------------------------------------------------+
; size           ; 256   ; Signed Integer                                                      ;
+----------------+-------+---------------------------------------------------------------------+
Note: In order to hide this table in the UI and the text report file, please set the "Show Parameter Settings in Synthesis Report" option in "Analysis and Synthesis Settings -> More Settings" to "Off".


+-----------------------------------------------------------------+
; Port Connectivity Checks: "slc3:my_slc|Mem2IO:memory_subsystem" ;
+--------------+-------+----------+-------------------------------+
; Port         ; Type  ; Severity ; Details                       ;
+--------------+-------+----------+-------------------------------+
; ADDR[19..16] ; Input ; Info     ; Stuck at GND                  ;
+--------------+-------+----------+-------------------------------+


+-------------------------------------------------------------------------------------------------------------------------------------------------------------------------+
; Port Connectivity Checks: "slc3:my_slc|datapath:d0|two_mux:sr1m"                                                                                                        ;
+------+--------+----------+----------------------------------------------------------------------------------------------------------------------------------------------+
; Port ; Type   ; Severity ; Details                                                                                                                                      ;
+------+--------+----------+----------------------------------------------------------------------------------------------------------------------------------------------+
; s0   ; Input  ; Warning  ; Input port expression (3 bits) is smaller than the input port (16 bits) it drives.  Extra input bit(s) "s0[15..3]" will be connected to GND. ;
; s1   ; Input  ; Warning  ; Input port expression (3 bits) is smaller than the input port (16 bits) it drives.  Extra input bit(s) "s1[15..3]" will be connected to GND. ;
; out  ; Output ; Warning  ; Output or bidir port (16 bits) is wider than the port expression (3 bits) it drives; bit(s) "out[15..3]" have no fanouts                     ;
+------+--------+----------+----------------------------------------------------------------------------------------------------------------------------------------------+


+-------------------------------------------------------------------------------------------------------------------------------------------------------------------------+
; Port Connectivity Checks: "slc3:my_slc|datapath:d0|two_mux:drm"                                                                                                         ;
+------+--------+----------+----------------------------------------------------------------------------------------------------------------------------------------------+
; Port ; Type   ; Severity ; Details                                                                                                                                      ;
+------+--------+----------+----------------------------------------------------------------------------------------------------------------------------------------------+
; s0   ; Input  ; Warning  ; Input port expression (3 bits) is smaller than the input port (16 bits) it drives.  Extra input bit(s) "s0[15..3]" will be connected to GND. ;
; s1   ; Input  ; Warning  ; Input port expression (3 bits) is smaller than the input port (16 bits) it drives.  Extra input bit(s) "s1[15..3]" will be connected to GND. ;
; s1   ; Input  ; Info     ; Stuck at VCC                                                                                                                                 ;
; out  ; Output ; Warning  ; Output or bidir port (16 bits) is wider than the port expression (3 bits) it drives; bit(s) "out[15..3]" have no fanouts                     ;
+------+--------+----------+----------------------------------------------------------------------------------------------------------------------------------------------+


+------------------------------------------------------------------------------------+
; Port Connectivity Checks: "slc3:my_slc|datapath:d0|sixteen_adder:addtwo|adder:a15" ;
+------+--------+----------+---------------------------------------------------------+
; Port ; Type   ; Severity ; Details                                                 ;
+------+--------+----------+---------------------------------------------------------+
; cout ; Output ; Info     ; Explicitly unconnected                                  ;
+------+--------+----------+---------------------------------------------------------+


+---------------------------------------------------------------------------------------------------------------------------------------------------------------------------------------------------------------+
; Port Connectivity Checks: "slc3:my_slc|datapath:d0|sixteen_adder:addtwo|adder:a0"                                                                                                                             ;
+-------+-------+----------+------------------------------------------------------------------------------------------------------------------------------------------------------------------------------------+
; Port  ; Type  ; Severity ; Details                                                                                                                                                                            ;
+-------+-------+----------+------------------------------------------------------------------------------------------------------------------------------------------------------------------------------------+
; z     ; Input ; Warning  ; Input port expression (32 bits) is wider than the input port (1 bits) it drives.  The 31 most-significant bit(s) in the expression will be dangling if they have no other fanouts. ;
; z[-1] ; Input ; Info     ; Stuck at GND                                                                                                                                                                       ;
+-------+-------+----------+------------------------------------------------------------------------------------------------------------------------------------------------------------------------------------+


+--------------------------------------------------------------------+
; Port Connectivity Checks: "slc3:my_slc|datapath:d0|four_mux:addr2" ;
+------+-------+----------+------------------------------------------+
; Port ; Type  ; Severity ; Details                                  ;
+------+-------+----------+------------------------------------------+
; s3   ; Input ; Info     ; Stuck at GND                             ;
+------+-------+----------+------------------------------------------+


+-------------------------------------------------------------------+
; Port Connectivity Checks: "slc3:my_slc|datapath:d0|four_mux:pc_m" ;
+------+-------+----------+-----------------------------------------+
; Port ; Type  ; Severity ; Details                                 ;
+------+-------+----------+-----------------------------------------+
; s3   ; Input ; Info     ; Explicitly unconnected                  ;
+------+-------+----------+-----------------------------------------+


+-----------------------------------------------------------------------------------------------------------------------+
; Port Connectivity Checks: "slc3:my_slc|datapath:d0"                                                                   ;
+-------------+--------+----------+-------------------------------------------------------------------------------------+
; Port        ; Type   ; Severity ; Details                                                                             ;
+-------------+--------+----------+-------------------------------------------------------------------------------------+
; ir_t[10..6] ; Output ; Info     ; Connected to dangling logic. Logic that only feeds a dangling port will be removed. ;
; ir_t[4..0]  ; Output ; Info     ; Connected to dangling logic. Logic that only feeds a dangling port will be removed. ;
+-------------+--------+----------+-------------------------------------------------------------------------------------+


+--------------------------------------------------------------------+
; Port Connectivity Checks: "slc3:my_slc|test_memory:my_test_memory" ;
+-----------+-------+----------+-------------------------------------+
; Port      ; Type  ; Severity ; Details                             ;
+-----------+-------+----------+-------------------------------------+
; A[19..16] ; Input ; Info     ; Stuck at GND                        ;
+-----------+-------+----------+-------------------------------------+


+-----------------------------------------------------+
; Post-Synthesis Netlist Statistics for Top Partition ;
+-----------------------+-----------------------------+
; Type                  ; Count                       ;
+-----------------------+-----------------------------+
; boundary_port         ; 129                         ;
; cycloneiii_ff         ; 280                         ;
;     CLR               ; 1                           ;
;     ENA               ; 16                          ;
;     ENA CLR           ; 175                         ;
;     ENA CLR SLD       ; 32                          ;
;     SCLR              ; 2                           ;
;     plain             ; 54                          ;
; cycloneiii_io_obuf    ; 16                          ;
; cycloneiii_lcell_comb ; 508                         ;
;     arith             ; 30                          ;
;         2 data inputs ; 15                          ;
;         3 data inputs ; 15                          ;
;     normal            ; 478                         ;
;         0 data inputs ; 1                           ;
;         1 data inputs ; 10                          ;
;         2 data inputs ; 38                          ;
;         3 data inputs ; 91                          ;
;         4 data inputs ; 338                         ;
;                       ;                             ;
; Max LUT depth         ; 18.00                       ;
; Average LUT depth     ; 7.52                        ;
+-----------------------+-----------------------------+


+-------------------------------+
; Elapsed Time Per Partition    ;
+----------------+--------------+
; Partition Name ; Elapsed Time ;
+----------------+--------------+
; Top            ; 00:00:01     ;
+----------------+--------------+


+-------------------------------+
; Analysis & Synthesis Messages ;
+-------------------------------+
Info: *******************************************************************
Info: Running Quartus Prime Analysis & Synthesis
    Info: Version 18.0.0 Build 614 04/24/2018 SJ Lite Edition
    Info: Processing started: Tue Mar 05 21:06:43 2019
Info: Command: quartus_map --read_settings_files=on --write_settings_files=off lc3part2 -c lc3part2
Warning (18236): Number of processors has not been specified which may cause overloading on shared machines.  Set the global assignment NUM_PARALLEL_PROCESSORS in your QSF to an appropriate value for best performance.
Info (20030): Parallel compilation is enabled and will use 4 of the 4 processors detected
Info (12021): Found 1 design units, including 1 entities, in source file two_one_mux.sv
    Info (12023): Found entity 1: two_mux File: D:/ECE385/lab6 week2/two_one_mux.sv Line: 1
Info (12021): Found 1 design units, including 1 entities, in source file tristate.sv
    Info (12023): Found entity 1: tristate File: D:/ECE385/lab6 week2/tristate.sv Line: 16
Info (12021): Found 1 design units, including 1 entities, in source file testbench.sv
    Info (12023): Found entity 1: testbench File: D:/ECE385/lab6 week2/testbench.sv Line: 1
Info (12021): Found 1 design units, including 1 entities, in source file test_memory.sv
    Info (12023): Found entity 1: test_memory File: D:/ECE385/lab6 week2/test_memory.sv Line: 22
Info (12021): Found 1 design units, including 0 entities, in source file slc3_2.sv
    Info (12022): Found design unit 1: SLC3_2 (SystemVerilog) File: D:/ECE385/lab6 week2/SLC3_2.sv Line: 24
Info (12021): Found 1 design units, including 1 entities, in source file slc3.sv
    Info (12023): Found entity 1: slc3 File: D:/ECE385/lab6 week2/slc3.sv Line: 19
Info (12021): Found 1 design units, including 1 entities, in source file memory_contents.sv
    Info (12023): Found entity 1: memory_parser File: D:/ECE385/lab6 week2/memory_contents.sv Line: 16
Info (12021): Found 1 design units, including 1 entities, in source file mem2io.sv
    Info (12023): Found entity 1: Mem2IO File: D:/ECE385/lab6 week2/Mem2IO.sv Line: 16
Info (12021): Found 1 design units, including 1 entities, in source file lab6_toplevel.sv
    Info (12023): Found entity 1: lab6_toplevel File: D:/ECE385/lab6 week2/lab6_toplevel.sv Line: 10
Info (12021): Found 1 design units, including 1 entities, in source file isdu.sv
    Info (12023): Found entity 1: ISDU File: D:/ECE385/lab6 week2/ISDU.sv Line: 19
Info (12021): Found 1 design units, including 1 entities, in source file hexdriver.sv
    Info (12023): Found entity 1: HexDriver File: D:/ECE385/lab6 week2/HexDriver.sv Line: 1
Info (12021): Found 1 design units, including 1 entities, in source file four_one_mux.sv
    Info (12023): Found entity 1: four_mux File: D:/ECE385/lab6 week2/four_one_mux.sv Line: 1
Info (12021): Found 4 design units, including 4 entities, in source file flip_flop.sv
    Info (12023): Found entity 1: flip_flop File: D:/ECE385/lab6 week2/flip_flop.sv Line: 1
    Info (12023): Found entity 2: ff_3bit File: D:/ECE385/lab6 week2/flip_flop.sv Line: 15
    Info (12023): Found entity 3: LED_12 File: D:/ECE385/lab6 week2/flip_flop.sv Line: 37
    Info (12023): Found entity 4: ben_ff File: D:/ECE385/lab6 week2/flip_flop.sv Line: 51
Info (12021): Found 1 design units, including 1 entities, in source file datapath.sv
    Info (12023): Found entity 1: datapath File: D:/ECE385/lab6 week2/datapath.sv Line: 1
Info (12021): Found 2 design units, including 2 entities, in source file adder.sv
    Info (12023): Found entity 1: sixteen_adder File: D:/ECE385/lab6 week2/adder.sv Line: 1
    Info (12023): Found entity 2: adder File: D:/ECE385/lab6 week2/adder.sv Line: 26
Info (12021): Found 1 design units, including 1 entities, in source file alu.sv
    Info (12023): Found entity 1: ALU File: D:/ECE385/lab6 week2/ALU.sv Line: 1
Info (12021): Found 1 design units, including 1 entities, in source file sext 11.sv
    Info (12023): Found entity 1: sext11 File: D:/ECE385/lab6 week2/sext 11.sv Line: 1
Info (12021): Found 1 design units, including 1 entities, in source file sext 8.sv
    Info (12023): Found entity 1: sext8 File: D:/ECE385/lab6 week2/sext 8.sv Line: 1
Info (12021): Found 1 design units, including 1 entities, in source file sext 6.sv
    Info (12023): Found entity 1: sext6 File: D:/ECE385/lab6 week2/sext 6.sv Line: 1
Info (12021): Found 1 design units, including 1 entities, in source file sext 5.sv
    Info (12023): Found entity 1: sext5 File: D:/ECE385/lab6 week2/sext 5.sv Line: 1
Info (12021): Found 1 design units, including 1 entities, in source file register file.sv
    Info (12023): Found entity 1: Reg_f File: D:/ECE385/lab6 week2/register file.sv Line: 1
Info (12021): Found 1 design units, including 1 entities, in source file ben with nzp.sv
    Info (12023): Found entity 1: nzp_logic File: D:/ECE385/lab6 week2/ben with nzp.sv Line: 1
Info (12127): Elaborating entity "lab6_toplevel" for the top level hierarchy
Info (12128): Elaborating entity "slc3" for hierarchy "slc3:my_slc" File: D:/ECE385/lab6 week2/lab6_toplevel.sv Line: 18
Info (12128): Elaborating entity "test_memory" for hierarchy "slc3:my_slc|test_memory:my_test_memory" File: D:/ECE385/lab6 week2/slc3.sv Line: 28
Warning (10036): Verilog HDL or VHDL warning at test_memory.sv(42): object "actual_address" assigned a value but never read File: D:/ECE385/lab6 week2/test_memory.sv Line: 42
Info (12128): Elaborating entity "memory_parser" for hierarchy "slc3:my_slc|test_memory:my_test_memory|memory_parser:parser" File: D:/ECE385/lab6 week2/test_memory.sv Line: 48
Warning (12158): Entity "memory_parser" contains only dangling pins File: D:/ECE385/lab6 week2/test_memory.sv Line: 48
Info (12128): Elaborating entity "HexDriver" for hierarchy "slc3:my_slc|HexDriver:hex_driver3" File: D:/ECE385/lab6 week2/slc3.sv Line: 58
Info (12128): Elaborating entity "datapath" for hierarchy "slc3:my_slc|datapath:d0" File: D:/ECE385/lab6 week2/slc3.sv Line: 107
Info (12128): Elaborating entity "four_mux" for hierarchy "slc3:my_slc|datapath:d0|four_mux:pc_m" File: D:/ECE385/lab6 week2/datapath.sv Line: 14
Info (12128): Elaborating entity "two_mux" for hierarchy "slc3:my_slc|datapath:d0|two_mux:mdr_m" File: D:/ECE385/lab6 week2/datapath.sv Line: 15
Info (12128): Elaborating entity "flip_flop" for hierarchy "slc3:my_slc|datapath:d0|flip_flop:PC0" File: D:/ECE385/lab6 week2/datapath.sv Line: 17
Info (12128): Elaborating entity "nzp_logic" for hierarchy "slc3:my_slc|datapath:d0|nzp_logic:NZP0" File: D:/ECE385/lab6 week2/datapath.sv Line: 23
Info (12128): Elaborating entity "ff_3bit" for hierarchy "slc3:my_slc|datapath:d0|ff_3bit:nzp_ff" File: D:/ECE385/lab6 week2/datapath.sv Line: 24
Info (12128): Elaborating entity "ben_ff" for hierarchy "slc3:my_slc|datapath:d0|ben_ff:ben0" File: D:/ECE385/lab6 week2/datapath.sv Line: 25
Info (12128): Elaborating entity "sext11" for hierarchy "slc3:my_slc|datapath:d0|sext11:sign11" File: D:/ECE385/lab6 week2/datapath.sv Line: 30
Info (12128): Elaborating entity "sext8" for hierarchy "slc3:my_slc|datapath:d0|sext8:sign8" File: D:/ECE385/lab6 week2/datapath.sv Line: 31
Info (12128): Elaborating entity "sext6" for hierarchy "slc3:my_slc|datapath:d0|sext6:sign6" File: D:/ECE385/lab6 week2/datapath.sv Line: 32
Info (12128): Elaborating entity "sixteen_adder" for hierarchy "slc3:my_slc|datapath:d0|sixteen_adder:addtwo" File: D:/ECE385/lab6 week2/datapath.sv Line: 35
Info (12128): Elaborating entity "adder" for hierarchy "slc3:my_slc|datapath:d0|sixteen_adder:addtwo|adder:a0" File: D:/ECE385/lab6 week2/adder.sv Line: 5
Info (12128): Elaborating entity "sext5" for hierarchy "slc3:my_slc|datapath:d0|sext5:sign5" File: D:/ECE385/lab6 week2/datapath.sv Line: 37
Info (12128): Elaborating entity "ALU" for hierarchy "slc3:my_slc|datapath:d0|ALU:choose" File: D:/ECE385/lab6 week2/datapath.sv Line: 40
Info (12128): Elaborating entity "Reg_f" for hierarchy "slc3:my_slc|datapath:d0|Reg_f:regfile" File: D:/ECE385/lab6 week2/datapath.sv Line: 44
Info (12128): Elaborating entity "LED_12" for hierarchy "slc3:my_slc|datapath:d0|LED_12:LED_O" File: D:/ECE385/lab6 week2/datapath.sv Line: 46
Info (12128): Elaborating entity "Mem2IO" for hierarchy "slc3:my_slc|Mem2IO:memory_subsystem" File: D:/ECE385/lab6 week2/slc3.sv Line: 115
Info (12128): Elaborating entity "tristate" for hierarchy "slc3:my_slc|tristate:tr0" File: D:/ECE385/lab6 week2/slc3.sv Line: 120
Info (12128): Elaborating entity "ISDU" for hierarchy "slc3:my_slc|ISDU:state_controller" File: D:/ECE385/lab6 week2/slc3.sv Line: 127
Warning (12241): 3 hierarchies have connectivity warnings - see the Connectivity Checks report folder
Warning (13024): Output pins are stuck at VCC or GND
    Warning (13410): Pin "CE" is stuck at GND File: D:/ECE385/lab6 week2/lab6_toplevel.sv Line: 14
    Warning (13410): Pin "UB" is stuck at GND File: D:/ECE385/lab6 week2/lab6_toplevel.sv Line: 14
    Warning (13410): Pin "LB" is stuck at GND File: D:/ECE385/lab6 week2/lab6_toplevel.sv Line: 14
    Warning (13410): Pin "ADDR[16]" is stuck at GND File: D:/ECE385/lab6 week2/lab6_toplevel.sv Line: 15
    Warning (13410): Pin "ADDR[17]" is stuck at GND File: D:/ECE385/lab6 week2/lab6_toplevel.sv Line: 15
    Warning (13410): Pin "ADDR[18]" is stuck at GND File: D:/ECE385/lab6 week2/lab6_toplevel.sv Line: 15
    Warning (13410): Pin "ADDR[19]" is stuck at GND File: D:/ECE385/lab6 week2/lab6_toplevel.sv Line: 15
Info (286030): Timing-Driven Synthesis is running
Info (17049): 6 registers lost all their fanouts during netlist optimizations.
Info (144001): Generated suppressed messages file D:/ECE385/lab6 week2/output_files/lc3part2.map.smsg
Info (16010): Generating hard_block partition "hard_block:auto_generated_inst"
    Info (16011): Adding 0 node(s), including 0 DDIO, 0 PLL, 0 transceiver and 0 LCELL
Info (21057): Implemented 832 device resources after synthesis - the final resource count might be different
    Info (21058): Implemented 20 input pins
    Info (21059): Implemented 93 output pins
    Info (21060): Implemented 16 bidirectional pins
    Info (21061): Implemented 703 logic cells
Info: Quartus Prime Analysis & Synthesis was successful. 0 errors, 12 warnings
    Info: Peak virtual memory: 4796 megabytes
    Info: Processing ended: Tue Mar 05 21:06:56 2019
    Info: Elapsed time: 00:00:13
    Info: Total CPU time (on all processors): 00:00:27


+------------------------------------------+
; Analysis & Synthesis Suppressed Messages ;
+------------------------------------------+
The suppressed messages can be found in D:/ECE385/lab6 week2/output_files/lc3part2.map.smsg.


